#
# A fatal error has been detected by the Java Runtime Environment:
#
#  EXCEPTION_ACCESS_VIOLATION (0xc0000005) at pc=0x6bb44bff, pid=6776, tid=0x00001d78
#
# JRE version: Java(TM) SE Runtime Environment (8.0_161-b12) (build 1.8.0_161-b12)
# Java VM: Java HotSpot(TM) Client VM (25.161-b12 mixed mode windows-x86 )
# Problematic frame:
# V  [jvm.dll+0xa4bff]
#
# Failed to write core dump. Minidumps are not enabled by default on client versions of Windows
#
# If you would like to submit a bug report, please visit:
#   http://bugreport.java.com/bugreport/crash.jsp
#

---------------  T H R E A D  ---------------

Current thread (0x457d0400):  VMThread [stack: 0x02bb0000,0x02c00000] [id=7544]

siginfo: ExceptionCode=0xc0000005, reading address 0x00750056

Registers:
EAX=0x450b2b82, EBX=0x00750042, ECX=0x00000014, EDX=0x00000010
ESP=0x02bff8d8, EBP=0x02bff8e8, ESI=0x00750042, EDI=0x00000000
EIP=0x6bb44bff, EFLAGS=0x00010202

Top of Stack: (sp=0x02bff8d8)
0x02bff8d8:   00000000 02acc668 00000000 02acc668
0x02bff8e8:   02bff918 6bb45134 02accb30 1a562dec
0x02bff8f8:   1be492c0 02acc668 1a562dec 98883c6a
0x02bff908:   000000a0 1a550000 0aaac000 029d4ed8
0x02bff918:   02bff934 6bb4517e 1a562dec 00000000
0x02bff928:   02acc668 029d4ed8 029d4f2c 02bff944
0x02bff938:   6bb451dd 02acc668 00000000 02bffaf4
0x02bff948:   6bb39bc2 00000000 029d4e88 029d4ed8 

Instructions: (pc=0x6bb44bff)
0x6bb44bdf:   8b 18 56 57 0f 84 9d 00 00 00 85 db 0f 84 74 01
0x6bb44bef:   00 00 8b 0d f8 b2 e1 6b 8b 15 fc b2 e1 6b 8b f3
0x6bb44bff:   8b 1c 19 89 34 32 3b de 74 29 a1 f8 b2 e1 6b 8b
0x6bb44c0f:   0d f0 92 e2 6b 03 c6 83 79 08 01 75 0b c1 e8 09 


Register to memory mapping:

EAX=0x450b2b82 is an unknown value
EBX=0x00750042 is an unknown value
ECX=0x00000014 is an unknown value
EDX=0x00000010 is an unknown value
ESP=0x02bff8d8 is an unknown value
EBP=0x02bff8e8 is an unknown value
ESI=0x00750042 is an unknown value
EDI=0x00000000 is an unknown value


Stack: [0x02bb0000,0x02c00000],  sp=0x02bff8d8,  free space=318k
Native frames: (J=compiled Java code, j=interpreted, Vv=VM code, C=native code)
V  [jvm.dll+0xa4bff]
V  [jvm.dll+0xa5134]
V  [jvm.dll+0xa517e]
V  [jvm.dll+0xa51dd]
V  [jvm.dll+0x99bc2]
V  [jvm.dll+0x93b25]
V  [jvm.dll+0x1b9ef6]
V  [jvm.dll+0x18411b]
V  [jvm.dll+0x183521]
V  [jvm.dll+0x183937]
V  [jvm.dll+0x183b32]
V  [jvm.dll+0x1c3be6]
C  [msvcr100.dll+0x10fac]
C  [msvcr100.dll+0x110b1]
C  [KERNEL32.DLL+0x2850d]
C  [ntdll.dll+0x5bf39]
C  [ntdll.dll+0x5bf0c]

VM_Operation (0x4bbfdee8): GenCollectForAllocation, mode: safepoint, requested by thread 0x4781cc00


---------------  P R O C E S S  ---------------

Java Threads: ( => current thread )
  0x47ded400 JavaThread "Cache worker for Java compile cache (E:\android projects\android-movies-master\android-movies-master\.gradle\4.1\javaCompile)" [_thread_blocked, id=2664, stack(0x4c060000,0x4c0b0000)]
  0x47ded000 JavaThread "Task worker for ':' Thread 3" [_thread_blocked, id=5652, stack(0x4bcd0000,0x4bd20000)]
  0x47dec000 JavaThread "Task worker for ':' Thread 2" [_thread_blocked, id=7208, stack(0x4bc40000,0x4bc90000)]
  0x4781cc00 JavaThread "Task worker for ':'" [_thread_blocked, id=4140, stack(0x4bbb0000,0x4bc00000)]
  0x4781fc00 JavaThread "Cache worker for task history cache (E:\android projects\android-movies-master\android-movies-master\.gradle\4.1\taskHistory)" [_thread_blocked, id=5636, stack(0x4bb20000,0x4bb70000)]
  0x4781c400 JavaThread "Cache worker for file content cache (E:\android projects\android-movies-master\android-movies-master\.gradle\4.1\fileContent)" [_thread_blocked, id=3560, stack(0x4b590000,0x4b5e0000)]
  0x4781f800 JavaThread "build operations Thread 4" [_thread_blocked, id=5700, stack(0x497a0000,0x497f0000)]
  0x4781f000 JavaThread "build operations Thread 3" [_thread_blocked, id=5748, stack(0x49710000,0x49760000)]
  0x4781e400 JavaThread "build operations Thread 2" [_thread_blocked, id=6848, stack(0x49680000,0x496d0000)]
  0x46880400 JavaThread "build operations" [_thread_blocked, id=7040, stack(0x495f0000,0x49640000)]
  0x4687fc00 JavaThread "Cache worker for Artifact transforms cache (C:\Users\Aman\.gradle\caches\transforms-1)" [_thread_blocked, id=6152, stack(0x49060000,0x490b0000)]
  0x4687f800 JavaThread "Cache worker for file hash cache (E:\android projects\android-movies-master\android-movies-master\.gradle\4.1\fileHashes)" [_thread_blocked, id=3404, stack(0x489c0000,0x48a10000)]
  0x4687f000 JavaThread "Stdin handler" [_thread_blocked, id=1168, stack(0x47640000,0x47690000)]
  0x4687d800 JavaThread "Asynchronous log dispatcher for DefaultDaemonConnection: socket connection from /127.0.0.1:54422 to /127.0.0.1:54486" [_thread_blocked, id=7420, stack(0x475b0000,0x47600000)]
  0x4687e800 JavaThread "Daemon worker Thread 2" [_thread_blocked, id=6568, stack(0x47520000,0x47570000)]
  0x4687d000 JavaThread "Cancel handler" [_thread_blocked, id=1492, stack(0x47490000,0x474e0000)]
  0x4687dc00 JavaThread "Handler for socket connection from /127.0.0.1:54422 to /127.0.0.1:54486" [_thread_in_native, id=2576, stack(0x47400000,0x47450000)]
  0x4687e400 JavaThread "Daemon Thread 2" [_thread_blocked, id=7632, stack(0x47370000,0x473c0000)]
  0x4781ec00 JavaThread "Memory manager" [_thread_blocked, id=6196, stack(0x49b30000,0x49b80000)]
  0x4781e000 JavaThread "File lock request listener" [_thread_in_native, id=7972, stack(0x48930000,0x48980000)]
  0x4781d800 JavaThread "Cache worker for file hash cache (C:\Users\Aman\.gradle\caches\4.1\fileHashes)" [_thread_blocked, id=5744, stack(0x488a0000,0x488f0000)]
  0x458ad000 JavaThread "Daemon periodic checks" [_thread_blocked, id=5776, stack(0x472e0000,0x47330000)]
  0x458a6000 JavaThread "Incoming local TCP Connector on port 54422" [_thread_in_native, id=4144, stack(0x46d60000,0x46db0000)]
  0x46813c00 JavaThread "Daemon health stats" [_thread_blocked, id=420, stack(0x46c00000,0x46c50000)]
  0x45803000 JavaThread "Service Thread" daemon [_thread_blocked, id=7896, stack(0x45ce0000,0x45d30000)]
  0x457fb400 JavaThread "C1 CompilerThread0" daemon [_thread_blocked, id=3864, stack(0x45c50000,0x45ca0000)]
  0x4580b400 JavaThread "Attach Listener" daemon [_thread_blocked, id=696, stack(0x45bc0000,0x45c10000)]
  0x45807800 JavaThread "Signal Dispatcher" daemon [_thread_blocked, id=4368, stack(0x45b30000,0x45b80000)]
  0x457eac00 JavaThread "Finalizer" daemon [_thread_blocked, id=6400, stack(0x459d0000,0x45a20000)]
  0x457e5000 JavaThread "Reference Handler" daemon [_thread_blocked, id=6176, stack(0x02c40000,0x02c90000)]
  0x02ccdc00 JavaThread "main" [_thread_blocked, id=5208, stack(0x02960000,0x029b0000)]

Other Threads:
=>0x457d0400 VMThread [stack: 0x02bb0000,0x02c00000] [id=7544]
  0x45806400 WatcherThread [stack: 0x45d70000,0x45dc0000] [id=284]

VM state:at safepoint (normal execution)

VM Mutex/Monitor currently owned by a thread:  ([mutex/lock_event])
[0x02ccc2f0] Threads_lock - owner thread: 0x457d0400
[0x02ccd520] Heap_lock - owner thread: 0x4781cc00

Heap:
 def new generation   total 29952K, used 0K [0x05000000, 0x07070000, 0x1a550000)
  eden space 26688K,   0% used [0x05000000, 0x05000000, 0x06a10000)
  from space 3264K,   0% used [0x06d40000, 0x06d40000, 0x07070000)
  to   space 3264K,   0% used [0x06a10000, 0x06a10000, 0x06d40000)
 tenured generation   total 66708K, used 26602K [0x1a550000, 0x1e675000, 0x45000000)
   the space 66708K,  39% used [0x1a550000, 0x1bf4abc0, 0x1bf4ac00, 0x1e675000)
 Metaspace       used 42401K, capacity 43640K, committed 44288K, reserved 44416K

Card table byte_map: [0x45000000,0x45210000] byte_map_base: 0x44fd8000

Polling page: 0x01070000

CodeCache: size=32768Kb used=9078Kb max_used=9099Kb free=23689Kb
 bounds [0x02fb0000, 0x038a0000, 0x04fb0000]
 total_blobs=5307 nmethods=4840 adapters=396
 compilation: enabled

Compilation events (10 events):
Event: 287.852 Thread 0x457fb400 7142             com.sun.tools.javac.jvm.Code::typeForPool (199 bytes)
Event: 287.854 Thread 0x457fb400 nmethod 7142 0x0389db48 code [0x0389dcf0, 0x0389e334]
Event: 287.856 Thread 0x457fb400 7143             com.sun.tools.javac.jvm.Code::emitLdc (25 bytes)
Event: 287.856 Thread 0x457fb400 nmethod 7143 0x0389e7c8 code [0x0389e8d0, 0x0389e998]
Event: 287.862 Thread 0x457fb400 7144             com.sun.tools.javac.code.Type$ForAll::getTypeArguments (5 bytes)
Event: 287.862 Thread 0x457fb400 nmethod 7144 0x034d9688 code [0x034d9780, 0x034d9800]
Event: 287.865 Thread 0x457fb400 7145             com.sun.tools.javac.comp.Attr::attribExprs (56 bytes)
Event: 287.866 Thread 0x457fb400 nmethod 7145 0x034d2ac8 code [0x034d2c00, 0x034d2e84]
Event: 287.866 Thread 0x457fb400 7146             com.sun.tools.javac.code.Types$DefaultTypeVisitor::visitArrayType (7 bytes)
Event: 287.866 Thread 0x457fb400 nmethod 7146 0x034d9488 code [0x034d9590, 0x034d962c]

GC Heap History (10 events):
Event: 282.430 GC heap after
Heap after GC invocations=125 (full 6):
 def new generation   total 29952K, used 2301K [0x05000000, 0x07070000, 0x1a550000)
  eden space 26688K,   0% used [0x05000000, 0x05000000, 0x06a10000)
  from space 3264K,  70% used [0x06a10000, 0x06c4f418, 0x06d40000)
  to   space 3264K,   0% used [0x06d40000, 0x06d40000, 0x07070000)
 tenured generation   total 66196K, used 49010K [0x1a550000, 0x1e5f5000, 0x45000000)
   the space 66196K,  74% used [0x1a550000, 0x1d52ca48, 0x1d52cc00, 0x1e5f5000)
 Metaspace       used 39594K, capacity 40769K, committed 41344K, reserved 41344K
}
Event: 283.913 GC heap before
{Heap before GC invocations=125 (full 6):
 def new generation   total 29952K, used 28989K [0x05000000, 0x07070000, 0x1a550000)
  eden space 26688K, 100% used [0x05000000, 0x06a10000, 0x06a10000)
  from space 3264K,  70% used [0x06a10000, 0x06c4f418, 0x06d40000)
  to   space 3264K,   0% used [0x06d40000, 0x06d40000, 0x07070000)
 tenured generation   total 66196K, used 49010K [0x1a550000, 0x1e5f5000, 0x45000000)
   the space 66196K,  74% used [0x1a550000, 0x1d52ca48, 0x1d52cc00, 0x1e5f5000)
 Metaspace       used 39615K, capacity 40819K, committed 41472K, reserved 42368K
Event: 283.936 GC heap after
Heap after GC invocations=126 (full 6):
 def new generation   total 29952K, used 2402K [0x05000000, 0x07070000, 0x1a550000)
  eden space 26688K,   0% used [0x05000000, 0x05000000, 0x06a10000)
  from space 3264K,  73% used [0x06d40000, 0x06f98b78, 0x07070000)
  to   space 3264K,   0% used [0x06a10000, 0x06a10000, 0x06d40000)
 tenured generation   total 66196K, used 51104K [0x1a550000, 0x1e5f5000, 0x45000000)
   the space 66196K,  77% used [0x1a550000, 0x1d7381e8, 0x1d738200, 0x1e5f5000)
 Metaspace       used 39615K, capacity 40819K, committed 41472K, reserved 42368K
}
Event: 285.215 GC heap before
{Heap before GC invocations=126 (full 6):
 def new generation   total 29952K, used 29090K [0x05000000, 0x07070000, 0x1a550000)
  eden space 26688K, 100% used [0x05000000, 0x06a10000, 0x06a10000)
  from space 3264K,  73% used [0x06d40000, 0x06f98b78, 0x07070000)
  to   space 3264K,   0% used [0x06a10000, 0x06a10000, 0x06d40000)
 tenured generation   total 66196K, used 51104K [0x1a550000, 0x1e5f5000, 0x45000000)
   the space 66196K,  77% used [0x1a550000, 0x1d7381e8, 0x1d738200, 0x1e5f5000)
 Metaspace       used 40673K, capacity 41880K, committed 42496K, reserved 43392K
Event: 285.230 GC heap after
Heap after GC invocations=127 (full 6):
 def new generation   total 29952K, used 1537K [0x05000000, 0x07070000, 0x1a550000)
  eden space 26688K,   0% used [0x05000000, 0x05000000, 0x06a10000)
  from space 3264K,  47% used [0x06a10000, 0x06b90638, 0x06d40000)
  to   space 3264K,   0% used [0x06d40000, 0x06d40000, 0x07070000)
 tenured generation   total 66196K, used 51478K [0x1a550000, 0x1e5f5000, 0x45000000)
   the space 66196K,  77% used [0x1a550000, 0x1d795b40, 0x1d795c00, 0x1e5f5000)
 Metaspace       used 40673K, capacity 41880K, committed 42496K, reserved 43392K
}
Event: 285.829 GC heap before
{Heap before GC invocations=127 (full 6):
 def new generation   total 29952K, used 27816K [0x05000000, 0x07070000, 0x1a550000)
  eden space 26688K,  98% used [0x05000000, 0x069a9ab0, 0x06a10000)
  from space 3264K,  47% used [0x06a10000, 0x06b90638, 0x06d40000)
  to   space 3264K,   0% used [0x06d40000, 0x06d40000, 0x07070000)
 tenured generation   total 66196K, used 51478K [0x1a550000, 0x1e5f5000, 0x45000000)
   the space 66196K,  77% used [0x1a550000, 0x1d795b40, 0x1d795c00, 0x1e5f5000)
 Metaspace       used 41980K, capacity 43224K, committed 43776K, reserved 44416K
Event: 285.856 GC heap after
Heap after GC invocations=128 (full 6):
 def new generation   total 29952K, used 3264K [0x05000000, 0x07070000, 0x1a550000)
  eden space 26688K,   0% used [0x05000000, 0x05000000, 0x06a10000)
  from space 3264K, 100% used [0x06d40000, 0x07070000, 0x07070000)
  to   space 3264K,   0% used [0x06a10000, 0x06a10000, 0x06d40000)
 tenured generation   total 66196K, used 54966K [0x1a550000, 0x1e5f5000, 0x45000000)
   the space 66196K,  83% used [0x1a550000, 0x1dafdb38, 0x1dafdc00, 0x1e5f5000)
 Metaspace       used 41980K, capacity 43224K, committed 43776K, reserved 44416K
}
Event: 286.150 GC heap before
{Heap before GC invocations=128 (full 6):
 def new generation   total 29952K, used 29952K [0x05000000, 0x07070000, 0x1a550000)
  eden space 26688K, 100% used [0x05000000, 0x06a10000, 0x06a10000)
  from space 3264K, 100% used [0x06d40000, 0x07070000, 0x07070000)
  to   space 3264K,   0% used [0x06a10000, 0x06a10000, 0x06d40000)
 tenured generation   total 66196K, used 54966K [0x1a550000, 0x1e5f5000, 0x45000000)
   the space 66196K,  83% used [0x1a550000, 0x1dafdb38, 0x1dafdc00, 0x1e5f5000)
 Metaspace       used 42058K, capacity 43288K, committed 43904K, reserved 44416K
Event: 286.203 GC heap after
Heap after GC invocations=129 (full 6):
 def new generation   total 29952K, used 3264K [0x05000000, 0x07070000, 0x1a550000)
  eden space 26688K,   0% used [0x05000000, 0x05000000, 0x06a10000)
  from space 3264K, 100% used [0x06a10000, 0x06d40000, 0x06d40000)
  to   space 3264K,   0% used [0x06d40000, 0x06d40000, 0x07070000)
 tenured generation   total 66196K, used 63350K [0x1a550000, 0x1e5f5000, 0x45000000)
   the space 66196K,  95% used [0x1a550000, 0x1e32dad8, 0x1e32dc00, 0x1e5f5000)
 Metaspace       used 42058K, capacity 43288K, committed 43904K, reserved 44416K
}
Event: 287.866 GC heap before
{Heap before GC invocations=129 (full 6):
 def new generation   total 29952K, used 29952K [0x05000000, 0x07070000, 0x1a550000)
  eden space 26688K, 100% used [0x05000000, 0x06a10000, 0x06a10000)
  from space 3264K, 100% used [0x06a10000, 0x06d40000, 0x06d40000)
  to   space 3264K,   0% used [0x06d40000, 0x06d40000, 0x07070000)
 tenured generation   total 66196K, used 63350K [0x1a550000, 0x1e5f5000, 0x45000000)
   the space 66196K,  95% used [0x1a550000, 0x1e32dad8, 0x1e32dc00, 0x1e5f5000)
 Metaspace       used 42401K, capacity 43640K, committed 44288K, reserved 44416K

Deoptimization events (0 events):
No events

Classes redefined (0 events):
No events

Internal exceptions (10 events):
Event: 281.857 Thread 0x4687e800 Exception <a 'java/lang/ArrayIndexOutOfBoundsException'> (0x055a33a0) thrown at [C:\re\workspace\8-2-build-windows-i586-cygwin\jdk8u161\10277\hotspot\src\share\vm\runtime\sharedRuntime.cpp, line 605]
Event: 281.857 Thread 0x4687e800 Exception <a 'java/lang/ArrayIndexOutOfBoundsException'> (0x055a5730) thrown at [C:\re\workspace\8-2-build-windows-i586-cygwin\jdk8u161\10277\hotspot\src\share\vm\runtime\sharedRuntime.cpp, line 605]
Event: 281.857 Thread 0x4687e800 Exception <a 'java/lang/ArrayIndexOutOfBoundsException'> (0x055a7ec8) thrown at [C:\re\workspace\8-2-build-windows-i586-cygwin\jdk8u161\10277\hotspot\src\share\vm\runtime\sharedRuntime.cpp, line 605]
Event: 281.857 Thread 0x4687e800 Exception <a 'java/lang/ArrayIndexOutOfBoundsException'> (0x055ab2e8) thrown at [C:\re\workspace\8-2-build-windows-i586-cygwin\jdk8u161\10277\hotspot\src\share\vm\runtime\sharedRuntime.cpp, line 605]
Event: 281.857 Thread 0x4687e800 Exception <a 'java/lang/ArrayIndexOutOfBoundsException'> (0x055add50) thrown at [C:\re\workspace\8-2-build-windows-i586-cygwin\jdk8u161\10277\hotspot\src\share\vm\runtime\sharedRuntime.cpp, line 605]
Event: 281.858 Thread 0x4687e800 Exception <a 'java/lang/ArrayIndexOutOfBoundsException'> (0x055b0da8) thrown at [C:\re\workspace\8-2-build-windows-i586-cygwin\jdk8u161\10277\hotspot\src\share\vm\runtime\sharedRuntime.cpp, line 605]
Event: 281.858 Thread 0x4687e800 Exception <a 'java/lang/ArrayIndexOutOfBoundsException'> (0x055b1fc8) thrown at [C:\re\workspace\8-2-build-windows-i586-cygwin\jdk8u161\10277\hotspot\src\share\vm\runtime\sharedRuntime.cpp, line 605]
Event: 281.858 Thread 0x4687e800 Exception <a 'java/lang/ArrayIndexOutOfBoundsException'> (0x055b3210) thrown at [C:\re\workspace\8-2-build-windows-i586-cygwin\jdk8u161\10277\hotspot\src\share\vm\runtime\sharedRuntime.cpp, line 605]
Event: 281.858 Thread 0x4687e800 Exception <a 'java/lang/ArrayIndexOutOfBoundsException'> (0x055b44b0) thrown at [C:\re\workspace\8-2-build-windows-i586-cygwin\jdk8u161\10277\hotspot\src\share\vm\runtime\sharedRuntime.cpp, line 605]
Event: 284.520 Thread 0x4781cc00 Exception <a 'java/lang/ArrayIndexOutOfBoundsException'> (0x05fbae28) thrown at [C:\re\workspace\8-2-build-windows-i586-cygwin\jdk8u161\10277\hotspot\src\share\vm\runtime\sharedRuntime.cpp, line 605]

Events (10 events):
Event: 287.858 Thread 0x457fb400 flushing nmethod 0x034d9148
Event: 287.858 Thread 0x457fb400 flushing nmethod 0x034d9408
Event: 287.858 Thread 0x457fb400 flushing nmethod 0x034da248
Event: 287.858 Thread 0x457fb400 flushing nmethod 0x034da408
Event: 287.858 Thread 0x457fb400 flushing nmethod 0x034da7c8
Event: 287.858 Thread 0x457fb400 flushing nmethod 0x034db608
Event: 287.858 Thread 0x457fb400 flushing nmethod 0x034db948
Event: 287.858 Thread 0x457fb400 flushing nmethod 0x034dde08
Event: 287.858 Thread 0x457fb400 flushing nmethod 0x034de408
Event: 287.866 Executing VM operation: GenCollectForAllocation


Dynamic libraries:
0x00140000 - 0x00173000 	C:\Program Files (x86)\Java\jdk1.8.0_161\bin\java.exe
0x77670000 - 0x777c7000 	C:\Windows\SYSTEM32\ntdll.dll
0x76ee0000 - 0x77010000 	C:\Windows\SYSTEM32\KERNEL32.DLL
0x76970000 - 0x76a16000 	C:\Windows\SYSTEM32\KERNELBASE.dll
0x74b80000 - 0x74c27000 	C:\Windows\system32\apphelp.dll
0x77500000 - 0x775ae000 	C:\Windows\SYSTEM32\ADVAPI32.dll
0x770a0000 - 0x771b6000 	C:\Windows\SYSTEM32\USER32.dll
0x73d70000 - 0x73f68000 	C:\Windows\WinSxS\x86_microsoft.windows.common-controls_6595b64144ccf1df_6.0.9200.16579_none_8937eec6860750f5\COMCTL32.dll
0x75010000 - 0x750c1000 	C:\Windows\SYSTEM32\msvcrt.dll
0x774c0000 - 0x774f4000 	C:\Windows\SYSTEM32\sechost.dll
0x771c0000 - 0x7726c000 	C:\Windows\SYSTEM32\RPCRT4.dll
0x76a20000 - 0x76b1d000 	C:\Windows\SYSTEM32\GDI32.dll
0x74ca0000 - 0x74cbc000 	C:\Windows\SYSTEM32\SspiCli.dll
0x74c90000 - 0x74c99000 	C:\Windows\SYSTEM32\CRYPTBASE.dll
0x74c30000 - 0x74c81000 	C:\Windows\SYSTEM32\bcryptPrimitives.dll
0x74cc0000 - 0x74ce0000 	C:\Windows\system32\IMM32.DLL
0x76b90000 - 0x76c6d000 	C:\Windows\SYSTEM32\MSCTF.dll
0x6be70000 - 0x6bf2d000 	C:\Program Files (x86)\Java\jdk1.8.0_161\jre\bin\msvcr100.dll
0x6baa0000 - 0x6be70000 	C:\Program Files (x86)\Java\jdk1.8.0_161\jre\bin\client\jvm.dll
0x74380000 - 0x74388000 	C:\Windows\SYSTEM32\WSOCK32.dll
0x74830000 - 0x74851000 	C:\Windows\SYSTEM32\WINMM.dll
0x74370000 - 0x74378000 	C:\Windows\SYSTEM32\VERSION.dll
0x76680000 - 0x76686000 	C:\Windows\SYSTEM32\PSAPI.DLL
0x76b40000 - 0x76b90000 	C:\Windows\SYSTEM32\WS2_32.dll
0x74800000 - 0x7482a000 	C:\Windows\SYSTEM32\WINMMBASE.dll
0x774b0000 - 0x774b8000 	C:\Windows\SYSTEM32\NSI.dll
0x6ef60000 - 0x6ef6c000 	C:\Program Files (x86)\Java\jdk1.8.0_161\jre\bin\verify.dll
0x6ef30000 - 0x6ef52000 	C:\Program Files (x86)\Java\jdk1.8.0_161\jre\bin\java.dll
0x6ef10000 - 0x6ef24000 	C:\Program Files (x86)\Java\jdk1.8.0_161\jre\bin\zip.dll
0x75550000 - 0x76616000 	C:\Windows\SYSTEM32\SHELL32.dll
0x76690000 - 0x767c6000 	C:\Windows\SYSTEM32\combase.dll
0x750d0000 - 0x75110000 	C:\Windows\SYSTEM32\SHLWAPI.dll
0x74780000 - 0x747f5000 	C:\Windows\SYSTEM32\SHCORE.dll
0x74760000 - 0x74771000 	C:\Windows\SYSTEM32\profapi.dll
0x6eef0000 - 0x6ef05000 	C:\Program Files (x86)\Java\jdk1.8.0_161\jre\bin\net.dll
0x737c0000 - 0x7380a000 	C:\Windows\system32\mswsock.dll
0x6eee0000 - 0x6eeef000 	C:\Program Files (x86)\Java\jdk1.8.0_161\jre\bin\nio.dll
0x6eec0000 - 0x6eed9000 	C:\Users\Aman\.gradle\native\25\windows-i386\native-platform.dll
0x6ee50000 - 0x6ee5a000 	C:\Program Files (x86)\Java\jdk1.8.0_161\jre\bin\management.dll
0x73ab0000 - 0x73aca000 	C:\Windows\SYSTEM32\CRYPTSP.dll
0x73a70000 - 0x73aae000 	C:\Windows\system32\rsaenh.dll
0x737a0000 - 0x737bb000 	C:\Windows\SYSTEM32\USERENV.dll
0x73f90000 - 0x73fb0000 	C:\Windows\SYSTEM32\IPHLPAPI.DLL
0x73b10000 - 0x73b18000 	C:\Windows\SYSTEM32\WINNSI.DLL
0x73760000 - 0x73770000 	C:\Windows\SYSTEM32\dhcpcsvc6.DLL
0x73740000 - 0x73752000 	C:\Windows\SYSTEM32\dhcpcsvc.DLL
0x6ef80000 - 0x6efa0000 	C:\Program Files (x86)\Java\jdk1.8.0_161\jre\bin\sunec.dll
0x734b0000 - 0x73525000 	C:\Windows\SYSTEM32\DNSAPI.dll
0x734a0000 - 0x734a7000 	C:\Windows\System32\rasadhlp.dll
0x73460000 - 0x7349f000 	C:\Windows\System32\fwpuclnt.dll
0x73a60000 - 0x73a69000 	C:\Program Files (x86)\Java\jdk1.8.0_161\jre\bin\sunmscapi.dll
0x76cf0000 - 0x76e72000 	C:\Windows\SYSTEM32\CRYPT32.dll
0x76cd0000 - 0x76ce2000 	C:\Windows\SYSTEM32\MSASN1.dll
0x73930000 - 0x73a59000 	C:\Windows\SYSTEM32\dbghelp.dll

VM Arguments:
jvm_args: -Xmx1536m -Dfile.encoding=windows-1252 -Duser.country=US -Duser.language=en -Duser.variant -Xmx1024M 
java_command: org.gradle.launcher.daemon.bootstrap.GradleDaemon 4.1
java_class_path (initial): C:\Users\Aman\.gradle\wrapper\dists\gradle-4.1-all\bzyivzo6n839fup2jbap0tjew\gradle-4.1\lib\gradle-launcher-4.1.jar
Launcher Type: SUN_STANDARD

Environment Variables:
JAVA_HOME=C:\Program Files\Java\jdk1.7.0_06
_JAVA_OPTIONS=-Xmx1024M
PATH=C:\ProgramData\Oracle\Java\javapath;C:\Program Files (x86)\PC Connectivity Solution\;C:\Windows\system32;C:\Windows;C:\Windows\System32\Wbem;C:\Windows\System32\WindowsPowerShell\v1.0\;C:\Program Files\Microsoft\Web Platform Installer\;C:\Program Files (x86)\Microsoft ASP.NET\ASP.NET Web Pages\v1.0\;C:\Program Files\Microsoft SQL Server\110\Tools\Binn\;C:\Program Files (x86)\Microsoft SQL Server\100\Tools\Binn\;C:\Program Files\Microsoft SQL Server\100\Tools\Binn\;C:\Program Files\Microsoft SQL Server\100\DTS\Binn\;c:\Program Files (x86)\Microsoft SQL Server\100\Tools\Binn\VSShell\Common7\IDE\;c:\Program Files (x86)\Microsoft SQL Server\100\DTS\Binn\;C:\Program Files\MongoDB\Server\3.4\bin;C:\Program Files (x86)\MySQL\MySQL Utilities 1.3.6\;C:\Program Files (x86)\Heroku\bin;E:\Softwares Professional\apache-maven-3.3.9-bin\apache-maven-3.3.9\bin;C:\Program Files (x86)\git\cmd;C:\Program Files (x86)\Skype\Phone\;C:\Program Files\TortoiseGit\bin;C:\Program Files\nodejs\;C:\Users\Aman\AppData\Roaming\npm
USERNAME=Aman
OS=Windows_NT
PROCESSOR_IDENTIFIER=Intel64 Family 6 Model 37 Stepping 5, GenuineIntel



---------------  S Y S T E M  ---------------

OS: Windows 8 , 64 bit Build 9200 (6.2.9200.16627)

CPU:total 4 (initial active 4) (2 cores per cpu, 2 threads per core) family 6 model 37 stepping 5, cmov, cx8, fxsr, mmx, sse, sse2, sse3, ssse3, sse4.1, sse4.2, popcnt, ht, tsc, tscinvbit

Memory: 4k page, physical 6084460k(1150492k free), swap 12375916k(6659336k free)

vm_info: Java HotSpot(TM) Client VM (25.161-b12) for windows-x86 JRE (1.8.0_161-b12), built on Dec 19 2017 17:09:29 by "java_re" with MS VC++ 10.0 (VS2010)

time: Sun Aug 18 10:28:16 2019
elapsed time: 288 seconds (0d 0h 4m 48s)

